<?xml version="1.0" encoding="UTF-8"?>
<!-- Generated by org.testng.reporters.JUnitReportReporter -->
<testsuite hostname="DESKTOP-OP7I3MO" failures="0" tests="4" name="TestUsers" time="3.480" errors="0" timestamp="2021-12-12T02:14:16 AST" skipped="0">
  <testcase classname="TestUsers" name="Create_user" time="2.202"/>
  <system-out/>
  <testcase classname="TestUsers" name="validate_Response" time="0.227"/>
  <system-out/>
  <testcase classname="TestUsers" name="delete_user" time="0.546"/>
  <system-out/>
  <testcase classname="TestUsers" name="update_user" time="0.505"/>
  <system-out/>
</testsuite> <!-- TestUsers -->
