<?xml version="1.0" encoding="UTF-8"?>
<!-- Generated by org.testng.reporters.JUnitReportReporter -->
<testsuite hostname="DESKTOP-OP7I3MO" failures="0" tests="4" name="Test.validateResponse" time="4.182" errors="0" timestamp="2021-12-12T14:14:18 AST" skipped="0">
  <testcase classname="Test.validateResponse" name="delete_user" time="0.704"/>
  <system-out/>
  <testcase classname="Test.validateResponse" name="Create_user" time="2.464"/>
  <system-out/>
  <testcase classname="Test.validateResponse" name="update_user" time="0.509"/>
  <system-out/>
  <testcase classname="Test.validateResponse" name="validate_Response" time="0.505"/>
  <system-out/>
</testsuite> <!-- Test.validateResponse -->
