<?xml version="1.0" encoding="UTF-8"?>
<!-- Generated by org.testng.reporters.JUnitReportReporter -->
<testsuite hostname="DESKTOP-OP7I3MO" failures="0" tests="4" name="Test.TestUsers" time="4.517" errors="0" timestamp="2021-12-12T14:02:51 AST" skipped="0">
  <testcase classname="Test.TestUsers" name="delete_user" time="0.586"/>
  <system-out/>
  <testcase classname="Test.TestUsers" name="validate_Response" time="0.608"/>
  <system-out/>
  <testcase classname="Test.TestUsers" name="Create_user" time="2.698"/>
  <system-out/>
  <testcase classname="Test.TestUsers" name="update_user" time="0.625"/>
  <system-out/>
</testsuite> <!-- Test.TestUsers -->
